2014-09-25 00:02:30,581 - Log4JLogChute initialized using file 'velocity.log'
2014-09-25 00:02:30,582 - Initializing Velocity, Calling init()...
2014-09-25 00:02:30,582 - Starting Apache Velocity v1.7 (compiled: 2010-11-19 12:14:37)
2014-09-25 00:02:30,583 - Default Properties File: org\apache\velocity\runtime\defaults\velocity.properties
2014-09-25 00:02:30,583 - Trying to use logger class org.apache.velocity.runtime.log.AvalonLogChute
2014-09-25 00:02:30,583 - Target log system for org.apache.velocity.runtime.log.AvalonLogChute is not available (java.lang.NoClassDefFoundError: org/apache/log/format/Formatter).  Falling back to next log system...
2014-09-25 00:02:30,583 - Trying to use logger class org.apache.velocity.runtime.log.Log4JLogChute
2014-09-25 00:02:30,584 - Using logger class org.apache.velocity.runtime.log.Log4JLogChute
2014-09-25 00:02:30,590 - ResourceLoader instantiated: org.apache.velocity.runtime.resource.loader.ClasspathResourceLoader
2014-09-25 00:02:30,608 - ResourceCache: initialized (class org.apache.velocity.runtime.resource.ResourceCacheImpl) with class java.util.Collections$SynchronizedMap cache map.
2014-09-25 00:02:30,609 - Loaded System Directive: org.apache.velocity.runtime.directive.Stop
2014-09-25 00:02:30,611 - Loaded System Directive: org.apache.velocity.runtime.directive.Define
2014-09-25 00:02:30,612 - Loaded System Directive: org.apache.velocity.runtime.directive.Break
2014-09-25 00:02:30,613 - Loaded System Directive: org.apache.velocity.runtime.directive.Evaluate
2014-09-25 00:02:30,613 - Loaded System Directive: org.apache.velocity.runtime.directive.Literal
2014-09-25 00:02:30,614 - Loaded System Directive: org.apache.velocity.runtime.directive.Macro
2014-09-25 00:02:30,616 - Loaded System Directive: org.apache.velocity.runtime.directive.Parse
2014-09-25 00:02:30,618 - Loaded System Directive: org.apache.velocity.runtime.directive.Include
2014-09-25 00:02:30,619 - Loaded System Directive: org.apache.velocity.runtime.directive.Foreach
2014-09-25 00:02:30,670 - Created '20' parsers.
2014-09-25 00:02:30,677 - Velocimacro : "velocimacro.library" is not set.  Trying default library: VM_global_library.vm
2014-09-25 00:02:30,678 - Could not load resource 'VM_global_library.vm' from ResourceLoader org.apache.velocity.runtime.resource.loader.ClasspathResourceLoader: ClasspathResourceLoader Error: cannot find resource VM_global_library.vm
2014-09-25 00:02:30,678 - Velocimacro : Default library not found.
2014-09-25 00:02:30,678 - Velocimacro : allowInline = true : VMs can be defined inline in templates
2014-09-25 00:02:30,678 - Velocimacro : allowInlineToOverride = false : VMs defined inline may NOT replace previous VM definitions
2014-09-25 00:02:30,678 - Velocimacro : allowInlineLocal = false : VMs defined inline will be global in scope if allowed.
2014-09-25 00:02:30,678 - Velocimacro : autoload off : VM system will not automatically reload global library macros
2014-09-25 00:02:30,717 - ResourceManager : found resource/template/restingHourReport.html with loader org.apache.velocity.runtime.resource.loader.ClasspathResourceLoader
